[2m2026-03-11T18:21:35.521665Z[0m [33m WARN[0m [2mralph::loop_runner[0m[2m:[0m Interactive mode requested but stdout is not a TTY, falling back to autonomous
[2m2026-03-11T18:21:35.526182Z[0m [32m INFO[0m [2mralph_core::event_loop[0m[2m:[0m Memory injection check: enabled=true, inject=Auto, workspace_root="/Users/andrewrich/Developer/client/amelia-boone"
[2m2026-03-11T18:21:35.526204Z[0m [32m INFO[0m [2mralph_core::event_loop[0m[2m:[0m Looking for memories at: "/Users/andrewrich/Developer/client/amelia-boone/.ralph/agent/memories.md" (exists: false)
[2m2026-03-11T18:21:35.526214Z[0m [32m INFO[0m [2mralph_core::event_loop[0m[2m:[0m Successfully loaded 0 memories from store
[2m2026-03-11T18:21:35.526222Z[0m [32m INFO[0m [2mralph_core::event_loop[0m[2m:[0m Memory store is empty - no memories to inject
[2m2026-03-11T18:38:30.878409Z[0m [32m INFO[0m [2mralph_core::event_loop[0m[2m:[0m Memory injection check: enabled=true, inject=Auto, workspace_root="/Users/andrewrich/Developer/client/amelia-boone"
[2m2026-03-11T18:38:30.879080Z[0m [32m INFO[0m [2mralph_core::event_loop[0m[2m:[0m Looking for memories at: "/Users/andrewrich/Developer/client/amelia-boone/.ralph/agent/memories.md" (exists: false)
[2m2026-03-11T18:38:30.879321Z[0m [32m INFO[0m [2mralph_core::event_loop[0m[2m:[0m Successfully loaded 0 memories from store
[2m2026-03-11T18:38:30.879513Z[0m [32m INFO[0m [2mralph_core::event_loop[0m[2m:[0m Memory store is empty - no memories to inject
[2m2026-03-11T18:41:39.798184Z[0m [32m INFO[0m [2mralph_core::event_loop[0m[2m:[0m Memory injection check: enabled=true, inject=Auto, workspace_root="/Users/andrewrich/Developer/client/amelia-boone"
[2m2026-03-11T18:41:39.799183Z[0m [32m INFO[0m [2mralph_core::event_loop[0m[2m:[0m Looking for memories at: "/Users/andrewrich/Developer/client/amelia-boone/.ralph/agent/memories.md" (exists: false)
[2m2026-03-11T18:41:39.799282Z[0m [32m INFO[0m [2mralph_core::event_loop[0m[2m:[0m Successfully loaded 0 memories from store
[2m2026-03-11T18:41:39.799319Z[0m [32m INFO[0m [2mralph_core::event_loop[0m[2m:[0m Memory store is empty - no memories to inject
[2m2026-03-11T19:24:09.944034Z[0m [32m INFO[0m [2mralph_core::event_loop[0m[2m:[0m Memory injection check: enabled=true, inject=Auto, workspace_root="/Users/andrewrich/Developer/client/amelia-boone"
[2m2026-03-11T19:24:09.944825Z[0m [32m INFO[0m [2mralph_core::event_loop[0m[2m:[0m Looking for memories at: "/Users/andrewrich/Developer/client/amelia-boone/.ralph/agent/memories.md" (exists: false)
[2m2026-03-11T19:24:09.944855Z[0m [32m INFO[0m [2mralph_core::event_loop[0m[2m:[0m Successfully loaded 0 memories from store
[2m2026-03-11T19:24:09.944874Z[0m [32m INFO[0m [2mralph_core::event_loop[0m[2m:[0m Memory store is empty - no memories to inject
[2m2026-03-11T19:26:36.806012Z[0m [32m INFO[0m [2mralph_core::event_loop[0m[2m:[0m Memory injection check: enabled=true, inject=Auto, workspace_root="/Users/andrewrich/Developer/client/amelia-boone"
[2m2026-03-11T19:26:36.806823Z[0m [32m INFO[0m [2mralph_core::event_loop[0m[2m:[0m Looking for memories at: "/Users/andrewrich/Developer/client/amelia-boone/.ralph/agent/memories.md" (exists: false)
[2m2026-03-11T19:26:36.806911Z[0m [32m INFO[0m [2mralph_core::event_loop[0m[2m:[0m Successfully loaded 0 memories from store
[2m2026-03-11T19:26:36.806933Z[0m [32m INFO[0m [2mralph_core::event_loop[0m[2m:[0m Memory store is empty - no memories to inject
[2m2026-03-11T19:29:16.293590Z[0m [32m INFO[0m [2mralph_core::event_loop[0m[2m:[0m Memory injection check: enabled=true, inject=Auto, workspace_root="/Users/andrewrich/Developer/client/amelia-boone"
[2m2026-03-11T19:29:16.294752Z[0m [32m INFO[0m [2mralph_core::event_loop[0m[2m:[0m Looking for memories at: "/Users/andrewrich/Developer/client/amelia-boone/.ralph/agent/memories.md" (exists: false)
[2m2026-03-11T19:29:16.294809Z[0m [32m INFO[0m [2mralph_core::event_loop[0m[2m:[0m Successfully loaded 0 memories from store
[2m2026-03-11T19:29:16.294851Z[0m [32m INFO[0m [2mralph_core::event_loop[0m[2m:[0m Memory store is empty - no memories to inject
[2m2026-03-11T19:31:24.529461Z[0m [32m INFO[0m [2mralph_core::event_loop[0m[2m:[0m Memory injection check: enabled=true, inject=Auto, workspace_root="/Users/andrewrich/Developer/client/amelia-boone"
[2m2026-03-11T19:31:24.530532Z[0m [32m INFO[0m [2mralph_core::event_loop[0m[2m:[0m Looking for memories at: "/Users/andrewrich/Developer/client/amelia-boone/.ralph/agent/memories.md" (exists: false)
[2m2026-03-11T19:31:24.530606Z[0m [32m INFO[0m [2mralph_core::event_loop[0m[2m:[0m Successfully loaded 0 memories from store
[2m2026-03-11T19:31:24.530634Z[0m [32m INFO[0m [2mralph_core::event_loop[0m[2m:[0m Memory store is empty - no memories to inject
[2m2026-03-11T19:37:18.137492Z[0m [32m INFO[0m [2mralph_core::event_loop[0m[2m:[0m Memory injection check: enabled=true, inject=Auto, workspace_root="/Users/andrewrich/Developer/client/amelia-boone"
[2m2026-03-11T19:37:18.137707Z[0m [32m INFO[0m [2mralph_core::event_loop[0m[2m:[0m Looking for memories at: "/Users/andrewrich/Developer/client/amelia-boone/.ralph/agent/memories.md" (exists: false)
[2m2026-03-11T19:37:18.137737Z[0m [32m INFO[0m [2mralph_core::event_loop[0m[2m:[0m Successfully loaded 0 memories from store
[2m2026-03-11T19:37:18.137753Z[0m [32m INFO[0m [2mralph_core::event_loop[0m[2m:[0m Memory store is empty - no memories to inject
[2m2026-03-11T19:39:47.003997Z[0m [32m INFO[0m [2mralph_core::event_loop[0m[2m:[0m Memory injection check: enabled=true, inject=Auto, workspace_root="/Users/andrewrich/Developer/client/amelia-boone"
[2m2026-03-11T19:39:47.005030Z[0m [32m INFO[0m [2mralph_core::event_loop[0m[2m:[0m Looking for memories at: "/Users/andrewrich/Developer/client/amelia-boone/.ralph/agent/memories.md" (exists: false)
[2m2026-03-11T19:39:47.005110Z[0m [32m INFO[0m [2mralph_core::event_loop[0m[2m:[0m Successfully loaded 0 memories from store
[2m2026-03-11T19:39:47.005147Z[0m [32m INFO[0m [2mralph_core::event_loop[0m[2m:[0m Memory store is empty - no memories to inject
[2m2026-03-11T19:41:42.842446Z[0m [32m INFO[0m [2mralph_core::event_loop[0m[2m:[0m Memory injection check: enabled=true, inject=Auto, workspace_root="/Users/andrewrich/Developer/client/amelia-boone"
[2m2026-03-11T19:41:42.843483Z[0m [32m INFO[0m [2mralph_core::event_loop[0m[2m:[0m Looking for memories at: "/Users/andrewrich/Developer/client/amelia-boone/.ralph/agent/memories.md" (exists: false)
[2m2026-03-11T19:41:42.843555Z[0m [32m INFO[0m [2mralph_core::event_loop[0m[2m:[0m Successfully loaded 0 memories from store
[2m2026-03-11T19:41:42.843587Z[0m [32m INFO[0m [2mralph_core::event_loop[0m[2m:[0m Memory store is empty - no memories to inject
[2m2026-03-11T19:43:50.204519Z[0m [32m INFO[0m [2mralph_core::event_loop[0m[2m:[0m Memory injection check: enabled=true, inject=Auto, workspace_root="/Users/andrewrich/Developer/client/amelia-boone"
[2m2026-03-11T19:43:50.204900Z[0m [32m INFO[0m [2mralph_core::event_loop[0m[2m:[0m Looking for memories at: "/Users/andrewrich/Developer/client/amelia-boone/.ralph/agent/memories.md" (exists: false)
[2m2026-03-11T19:43:50.204957Z[0m [32m INFO[0m [2mralph_core::event_loop[0m[2m:[0m Successfully loaded 0 memories from store
[2m2026-03-11T19:43:50.204979Z[0m [32m INFO[0m [2mralph_core::event_loop[0m[2m:[0m Memory store is empty - no memories to inject
[2m2026-03-11T19:47:31.907709Z[0m [32m INFO[0m [2mralph_core::event_loop[0m[2m:[0m Memory injection check: enabled=true, inject=Auto, workspace_root="/Users/andrewrich/Developer/client/amelia-boone"
[2m2026-03-11T19:47:31.908874Z[0m [32m INFO[0m [2mralph_core::event_loop[0m[2m:[0m Looking for memories at: "/Users/andrewrich/Developer/client/amelia-boone/.ralph/agent/memories.md" (exists: false)
[2m2026-03-11T19:47:31.908944Z[0m [32m INFO[0m [2mralph_core::event_loop[0m[2m:[0m Successfully loaded 0 memories from store
[2m2026-03-11T19:47:31.909011Z[0m [32m INFO[0m [2mralph_core::event_loop[0m[2m:[0m Memory store is empty - no memories to inject
[2m2026-03-11T19:49:31.863274Z[0m [32m INFO[0m [2mralph_core::event_loop[0m[2m:[0m Memory injection check: enabled=true, inject=Auto, workspace_root="/Users/andrewrich/Developer/client/amelia-boone"
[2m2026-03-11T19:49:31.864461Z[0m [32m INFO[0m [2mralph_core::event_loop[0m[2m:[0m Looking for memories at: "/Users/andrewrich/Developer/client/amelia-boone/.ralph/agent/memories.md" (exists: false)
[2m2026-03-11T19:49:31.864546Z[0m [32m INFO[0m [2mralph_core::event_loop[0m[2m:[0m Successfully loaded 0 memories from store
[2m2026-03-11T19:49:31.864562Z[0m [32m INFO[0m [2mralph_core::event_loop[0m[2m:[0m Memory store is empty - no memories to inject
[2m2026-03-11T19:52:21.690955Z[0m [32m INFO[0m [2mralph_core::event_loop[0m[2m:[0m Memory injection check: enabled=true, inject=Auto, workspace_root="/Users/andrewrich/Developer/client/amelia-boone"
[2m2026-03-11T19:52:21.691280Z[0m [32m INFO[0m [2mralph_core::event_loop[0m[2m:[0m Looking for memories at: "/Users/andrewrich/Developer/client/amelia-boone/.ralph/agent/memories.md" (exists: false)
[2m2026-03-11T19:52:21.691351Z[0m [32m INFO[0m [2mralph_core::event_loop[0m[2m:[0m Successfully loaded 0 memories from store
[2m2026-03-11T19:52:21.691389Z[0m [32m INFO[0m [2mralph_core::event_loop[0m[2m:[0m Memory store is empty - no memories to inject
[2m2026-03-11T19:55:18.797521Z[0m [32m INFO[0m [2mralph::loop_runner[0m[2m:[0m All done! LOOP_COMPLETE detected in solo output.
[2m2026-03-11T19:55:18.798625Z[0m [32m INFO[0m [2mralph_core::event_loop[0m[2m:[0m Wrapping up: completed. 14 iterations in 1h 33m 43s. [3mreason[0m[2m=[0mcompleted [3miterations[0m[2m=[0m14 [3mduration[0m[2m=[0m1h 33m 43s
[2m2026-03-11T19:55:18.818692Z[0m [32m INFO[0m [2mralph_core::landing[0m[2m:[0m Beginning landing sequence [3mloop_id[0m[2m=[0mprimary
